CRITICAL - 2023-02-09 08:25:23 --> "errors_list" is not a valid Validation template.
in SYSTEMPATH\Validation\Validation.php on line 557.
 1 SYSTEMPATH\Validation\Validation.php(557): CodeIgniter\Validation\Exceptions\ValidationException::forInvalidTemplate('errors_list')
 2 APPPATH\Views\login.php(56): CodeIgniter\Validation\Validation->listErrors('errors_list')
 3 SYSTEMPATH\View\View.php(213): include('APPPATH\\Views\\login.php')
 4 SYSTEMPATH\View\View.php(216): CodeIgniter\View\View->CodeIgniter\View\{closure}()
 5 SYSTEMPATH\Common.php(1177): CodeIgniter\View\View->render('login', [], true)
 6 APPPATH\Controllers\Home.php(22): view('login', [...])
 7 SYSTEMPATH\CodeIgniter.php(934): App\Controllers\Home->index()
 8 SYSTEMPATH\CodeIgniter.php(499): CodeIgniter\CodeIgniter->runController(Object(App\Controllers\Home))
 9 SYSTEMPATH\CodeIgniter.php(368): CodeIgniter\CodeIgniter->handleRequest(null, Object(Config\Cache), false)
10 FCPATH\index.php(67): CodeIgniter\CodeIgniter->run()
CRITICAL - 2023-02-09 08:26:45 --> "errors_list" is not a valid Validation template.
in SYSTEMPATH\Validation\Validation.php on line 557.
 1 SYSTEMPATH\Validation\Validation.php(557): CodeIgniter\Validation\Exceptions\ValidationException::forInvalidTemplate('errors_list')
 2 APPPATH\Views\login.php(56): CodeIgniter\Validation\Validation->listErrors('errors_list')
 3 SYSTEMPATH\View\View.php(213): include('APPPATH\\Views\\login.php')
 4 SYSTEMPATH\View\View.php(216): CodeIgniter\View\View->CodeIgniter\View\{closure}()
 5 SYSTEMPATH\Common.php(1177): CodeIgniter\View\View->render('login', [], true)
 6 APPPATH\Controllers\Home.php(22): view('login', [...])
 7 SYSTEMPATH\CodeIgniter.php(934): App\Controllers\Home->index()
 8 SYSTEMPATH\CodeIgniter.php(499): CodeIgniter\CodeIgniter->runController(Object(App\Controllers\Home))
 9 SYSTEMPATH\CodeIgniter.php(368): CodeIgniter\CodeIgniter->handleRequest(null, Object(Config\Cache), false)
10 FCPATH\index.php(67): CodeIgniter\CodeIgniter->run()
INFO - 2023-02-09 08:30:48 --> Session: Class initialized using 'CodeIgniter\Session\Handlers\FileHandler' driver.
INFO - 2023-02-09 08:30:48 --> Session: Class initialized using 'CodeIgniter\Session\Handlers\FileHandler' driver.
INFO - 2023-02-09 08:33:06 --> Session: Class initialized using 'CodeIgniter\Session\Handlers\FileHandler' driver.
INFO - 2023-02-09 08:34:12 --> Session: Class initialized using 'CodeIgniter\Session\Handlers\FileHandler' driver.
INFO - 2023-02-09 08:34:54 --> Session: Class initialized using 'CodeIgniter\Session\Handlers\FileHandler' driver.
INFO - 2023-02-09 08:35:56 --> Session: Class initialized using 'CodeIgniter\Session\Handlers\FileHandler' driver.
CRITICAL - 2023-02-09 08:57:32 --> Call to undefined method CodeIgniter\Database\MySQLi\Result::resultArray()
in APPPATH\Models\EmployeesModel.php on line 17.
 1 APPPATH\Controllers\Cron.php(47): app\Models\EmployeesModel->getNotProcessed()
 2 APPPATH\Controllers\Cron.php(15): App\Controllers\Cron->processQueue('eyJhbGciOiJSUzI1NiIsInR5cCI6IkpXVCIsImtpZCI6IlJUTkVOMEl5T1RWQk1UZEVRVEEzUlRZNE16UkJPVU00UVRRM016TXlSalUzUmpnMk4wSTBPQSJ9.eyJodHRwczovL3VpcGF0aC9lbWFpbCI6ImFyaWVsLm1hcnRpbmV6QG1ldG9kb2NvbnNvbGlkYS5lcyIsImh0dHBzOi8vdWlwYXRoL2VtYWlsX3ZlcmlmaWVkIjp0cnVlLCJpc3MiOiJodHRwczovL2FjY291bnQudWlwYXRoLmNvbS8iLCJzdWIiOiJnb29nbGUtb2F1dGgyfDEwMjk0OTc4ODQ2MTU4MjE1MzcxMCIsImF1ZCI6WyJodHRwczovL29yY2hlc3RyYXRvci5jbG91ZC51aXBhdGguY29tIiwiaHR0cHM6Ly91aXBhdGguZXUuYXV0aDAuY29tL3VzZXJpbmZvIl0sImlhdCI6MTY3NTkzMzA1MiwiZXhwIjoxNjc2MDE5NDUyLCJhenAiOiI4REV2MUFNTlhjelczeTRVMTVMTDNqWWY2MmpLOTNuNSIsInNjb3BlIjoib3BlbmlkIHByb2ZpbGUgZW1haWwgb2ZmbGluZV9hY2Nlc3MifQ.eD4bk1dlfffntwk7Op0MDWnOE_wJYSS7wndD5hczGBWKYnPqu4mGL32wcYBxnsYnI1hvLXVgbTb6DYfqwK6KkCgXXHQg-ttSdx3wGF5d8_cnjebykXV4s1g7NtuCeeb47vGWOhxHpt6kKVbz8N-whbYh_Z124PJRpi4EZtxqZon73H_vPEe7ndyp3qHit3TP3fZh6gLlQwQRK2PTkSoUQzAsrZnEIZTgSlzEIePBtEz-58TSV1Y51U1iNeb-V9OFRImcWDn9DM8POUAaFkSFLYRXvGq04KnL69UWajzoMHo1WObq7Huzl1gwlRmitdg9b3pRZw9zWsAdgVQZT_yZjg')
 3 SYSTEMPATH\CodeIgniter.php(934): App\Controllers\Cron->index()
 4 SYSTEMPATH\CodeIgniter.php(499): CodeIgniter\CodeIgniter->runController(Object(App\Controllers\Cron))
 5 SYSTEMPATH\CodeIgniter.php(368): CodeIgniter\CodeIgniter->handleRequest(null, Object(Config\Cache), false)
 6 FCPATH\index.php(67): CodeIgniter\CodeIgniter->run()
CRITICAL - 2023-02-09 09:01:11 --> Call to a member function getRow() on bool
in APPPATH\Models\EmployeesModel.php on line 24.
 1 APPPATH\Controllers\Cron.php(51): app\Models\EmployeesModel->setProcessed('1')
 2 APPPATH\Controllers\Cron.php(15): App\Controllers\Cron->processQueue('eyJhbGciOiJSUzI1NiIsInR5cCI6IkpXVCIsImtpZCI6IlJUTkVOMEl5T1RWQk1UZEVRVEEzUlRZNE16UkJPVU00UVRRM016TXlSalUzUmpnMk4wSTBPQSJ9.eyJodHRwczovL3VpcGF0aC9lbWFpbCI6ImFyaWVsLm1hcnRpbmV6QG1ldG9kb2NvbnNvbGlkYS5lcyIsImh0dHBzOi8vdWlwYXRoL2VtYWlsX3ZlcmlmaWVkIjp0cnVlLCJpc3MiOiJodHRwczovL2FjY291bnQudWlwYXRoLmNvbS8iLCJzdWIiOiJnb29nbGUtb2F1dGgyfDEwMjk0OTc4ODQ2MTU4MjE1MzcxMCIsImF1ZCI6WyJodHRwczovL29yY2hlc3RyYXRvci5jbG91ZC51aXBhdGguY29tIiwiaHR0cHM6Ly91aXBhdGguZXUuYXV0aDAuY29tL3VzZXJpbmZvIl0sImlhdCI6MTY3NTkzMzI3MiwiZXhwIjoxNjc2MDE5NjcyLCJhenAiOiI4REV2MUFNTlhjelczeTRVMTVMTDNqWWY2MmpLOTNuNSIsInNjb3BlIjoib3BlbmlkIHByb2ZpbGUgZW1haWwgb2ZmbGluZV9hY2Nlc3MifQ.LT0AHxUGtBk8XfHP8sXtZWjgJfi8x8ElE7wdAYtZ5UpXfE194luO9i2MCke6y_zXLxhg-FHv1zg4hjLhC5RyJj5xHwsI43OJ_rQVcR849N1MIo3q_1IJV_ycbQUCxTu9Pp2xqtTes5j1PFqGJZqYAAySn6VfN2EhvwzPnkyYerEHj8CoGqGAgmw21geyiVPTXvQlMELXmcLOaUsT4Uield4DKlCMq-ZnSVJNCOlLNktcJvqsr_vLSEwpM2AW1kF_6jlW5Y8UqIZzVj3mwSPTjHnbX2ZDqm327OE4L5c3_7Y9AcCkOdjHVwpx69tid11p2oL--4jZ0jkGYgzS0UH0iw')
 3 SYSTEMPATH\CodeIgniter.php(934): App\Controllers\Cron->index()
 4 SYSTEMPATH\CodeIgniter.php(499): CodeIgniter\CodeIgniter->runController(Object(App\Controllers\Cron))
 5 SYSTEMPATH\CodeIgniter.php(368): CodeIgniter\CodeIgniter->handleRequest(null, Object(Config\Cache), false)
 6 FCPATH\index.php(67): CodeIgniter\CodeIgniter->run()
INFO - 2023-02-09 09:30:27 --> Session: Class initialized using 'CodeIgniter\Session\Handlers\FileHandler' driver.
INFO - 2023-02-09 09:30:27 --> Session: Class initialized using 'CodeIgniter\Session\Handlers\FileHandler' driver.
INFO - 2023-02-09 09:31:01 --> Session: Class initialized using 'CodeIgniter\Session\Handlers\FileHandler' driver.
INFO - 2023-02-09 09:31:18 --> Session: Class initialized using 'CodeIgniter\Session\Handlers\FileHandler' driver.
INFO - 2023-02-09 09:31:22 --> Session: Class initialized using 'CodeIgniter\Session\Handlers\FileHandler' driver.
INFO - 2023-02-09 09:31:28 --> Session: Class initialized using 'CodeIgniter\Session\Handlers\FileHandler' driver.
INFO - 2023-02-09 09:32:51 --> Session: Class initialized using 'CodeIgniter\Session\Handlers\FileHandler' driver.
INFO - 2023-02-09 09:32:53 --> Session: Class initialized using 'CodeIgniter\Session\Handlers\FileHandler' driver.
INFO - 2023-02-09 09:33:01 --> Session: Class initialized using 'CodeIgniter\Session\Handlers\FileHandler' driver.
INFO - 2023-02-09 09:33:49 --> Session: Class initialized using 'CodeIgniter\Session\Handlers\FileHandler' driver.
INFO - 2023-02-09 09:34:00 --> Session: Class initialized using 'CodeIgniter\Session\Handlers\FileHandler' driver.
INFO - 2023-02-09 09:34:28 --> Session: Class initialized using 'CodeIgniter\Session\Handlers\FileHandler' driver.
INFO - 2023-02-09 09:35:02 --> Session: Class initialized using 'CodeIgniter\Session\Handlers\FileHandler' driver.
INFO - 2023-02-09 09:35:12 --> Session: Class initialized using 'CodeIgniter\Session\Handlers\FileHandler' driver.
INFO - 2023-02-09 09:35:19 --> Session: Class initialized using 'CodeIgniter\Session\Handlers\FileHandler' driver.
INFO - 2023-02-09 09:35:25 --> Session: Class initialized using 'CodeIgniter\Session\Handlers\FileHandler' driver.
INFO - 2023-02-09 09:38:55 --> Session: Class initialized using 'CodeIgniter\Session\Handlers\FileHandler' driver.
INFO - 2023-02-09 09:47:54 --> Session: Class initialized using 'CodeIgniter\Session\Handlers\FileHandler' driver.
INFO - 2023-02-09 09:48:47 --> Session: Class initialized using 'CodeIgniter\Session\Handlers\FileHandler' driver.
INFO - 2023-02-09 09:49:25 --> Session: Class initialized using 'CodeIgniter\Session\Handlers\FileHandler' driver.
INFO - 2023-02-09 09:51:40 --> Session: Class initialized using 'CodeIgniter\Session\Handlers\FileHandler' driver.
INFO - 2023-02-09 09:51:43 --> Session: Class initialized using 'CodeIgniter\Session\Handlers\FileHandler' driver.
INFO - 2023-02-09 09:55:17 --> Session: Class initialized using 'CodeIgniter\Session\Handlers\FileHandler' driver.
INFO - 2023-02-09 09:55:38 --> Session: Class initialized using 'CodeIgniter\Session\Handlers\FileHandler' driver.
INFO - 2023-02-09 09:56:53 --> Session: Class initialized using 'CodeIgniter\Session\Handlers\FileHandler' driver.
INFO - 2023-02-09 09:57:45 --> Session: Class initialized using 'CodeIgniter\Session\Handlers\FileHandler' driver.
INFO - 2023-02-09 10:00:06 --> Session: Class initialized using 'CodeIgniter\Session\Handlers\FileHandler' driver.
INFO - 2023-02-09 10:00:43 --> Session: Class initialized using 'CodeIgniter\Session\Handlers\FileHandler' driver.
INFO - 2023-02-09 10:02:59 --> Session: Class initialized using 'CodeIgniter\Session\Handlers\FileHandler' driver.
INFO - 2023-02-09 10:03:25 --> Session: Class initialized using 'CodeIgniter\Session\Handlers\FileHandler' driver.
INFO - 2023-02-09 10:03:46 --> Session: Class initialized using 'CodeIgniter\Session\Handlers\FileHandler' driver.
INFO - 2023-02-09 10:06:06 --> Session: Class initialized using 'CodeIgniter\Session\Handlers\FileHandler' driver.
INFO - 2023-02-09 10:06:45 --> Session: Class initialized using 'CodeIgniter\Session\Handlers\FileHandler' driver.
INFO - 2023-02-09 10:07:11 --> Session: Class initialized using 'CodeIgniter\Session\Handlers\FileHandler' driver.
INFO - 2023-02-09 16:31:56 --> Session: Class initialized using 'CodeIgniter\Session\Handlers\FileHandler' driver.
INFO - 2023-02-09 16:31:57 --> Session: Class initialized using 'CodeIgniter\Session\Handlers\FileHandler' driver.
INFO - 2023-02-09 16:41:46 --> Session: Class initialized using 'CodeIgniter\Session\Handlers\FileHandler' driver.
INFO - 2023-02-09 16:42:17 --> Session: Class initialized using 'CodeIgniter\Session\Handlers\FileHandler' driver.
INFO - 2023-02-09 16:43:09 --> Session: Class initialized using 'CodeIgniter\Session\Handlers\FileHandler' driver.
INFO - 2023-02-09 16:43:43 --> Session: Class initialized using 'CodeIgniter\Session\Handlers\FileHandler' driver.
INFO - 2023-02-09 16:43:57 --> Session: Class initialized using 'CodeIgniter\Session\Handlers\FileHandler' driver.
INFO - 2023-02-09 16:44:09 --> Session: Class initialized using 'CodeIgniter\Session\Handlers\FileHandler' driver.
INFO - 2023-02-09 16:44:22 --> Session: Class initialized using 'CodeIgniter\Session\Handlers\FileHandler' driver.
INFO - 2023-02-09 16:51:05 --> Session: Class initialized using 'CodeIgniter\Session\Handlers\FileHandler' driver.
INFO - 2023-02-09 16:53:45 --> Session: Class initialized using 'CodeIgniter\Session\Handlers\FileHandler' driver.
INFO - 2023-02-09 16:54:19 --> Session: Class initialized using 'CodeIgniter\Session\Handlers\FileHandler' driver.
INFO - 2023-02-09 16:54:40 --> Session: Class initialized using 'CodeIgniter\Session\Handlers\FileHandler' driver.
INFO - 2023-02-09 16:54:58 --> Session: Class initialized using 'CodeIgniter\Session\Handlers\FileHandler' driver.
INFO - 2023-02-09 16:55:38 --> Session: Class initialized using 'CodeIgniter\Session\Handlers\FileHandler' driver.
INFO - 2023-02-09 16:56:06 --> Session: Class initialized using 'CodeIgniter\Session\Handlers\FileHandler' driver.
